
===========================================================================
 report_power
============================================================================
======================= Fastest Corner ===================================

Group                  Internal  Switching    Leakage      Total
                          Power      Power      Power      Power (Watts)
----------------------------------------------------------------
Sequential             7.30e-05   8.47e-05   2.22e-07   1.58e-04  50.6%
Combinational          8.32e-05   7.11e-05   2.72e-09   1.54e-04  49.4%
Macro                  0.00e+00   0.00e+00   0.00e+00   0.00e+00   0.0%
Pad                    0.00e+00   0.00e+00   0.00e+00   0.00e+00   0.0%
----------------------------------------------------------------
Total                  1.56e-04   1.56e-04   2.25e-07   3.12e-04 100.0%
                          50.0%      49.9%       0.1%

======================= Slowest Corner ===================================

Group                  Internal  Switching    Leakage      Total
                          Power      Power      Power      Power (Watts)
----------------------------------------------------------------
Sequential             5.18e-05   5.51e-05   8.88e-07   1.08e-04  49.6%
Combinational          6.22e-05   4.61e-05   1.25e-06   1.10e-04  50.4%
Macro                  0.00e+00   0.00e+00   0.00e+00   0.00e+00   0.0%
Pad                    0.00e+00   0.00e+00   0.00e+00   0.00e+00   0.0%
----------------------------------------------------------------
Total                  1.14e-04   1.01e-04   2.14e-06   2.17e-04 100.0%
                          52.4%      46.6%       1.0%

======================= Typical Corner ===================================

Group                  Internal  Switching    Leakage      Total
                          Power      Power      Power      Power (Watts)
----------------------------------------------------------------
Sequential             6.53e-05   7.07e-05   2.22e-07   1.36e-04  50.1%
Combinational          7.61e-05   5.97e-05   2.22e-09   1.36e-04  49.9%
Macro                  0.00e+00   0.00e+00   0.00e+00   0.00e+00   0.0%
Pad                    0.00e+00   0.00e+00   0.00e+00   0.00e+00   0.0%
----------------------------------------------------------------
Total                  1.41e-04   1.30e-04   2.24e-07   2.72e-04 100.0%
                          52.0%      48.0%       0.1%

