Instance name,  X location,  Y location,  Voltage 
FILLER_0_43_245, 114.52, 127.84, 1.79994
FILLER_0_42_245, 114.52, 122.4, 1.79995
FILLER_0_40_245, 114.52, 116.96, 1.79995
FILLER_0_38_245, 114.52, 111.52, 1.79995
FILLER_0_36_245, 114.52, 106.08, 1.79995
FILLER_0_34_245, 114.52, 100.64, 1.79994
FILLER_0_30_245, 114.52, 89.76, 1.79995
FILLER_0_28_244, 114.52, 84.32, 1.79994
FILLER_0_24_249, 114.52, 73.44, 1.79995
FILLER_0_21_249, 114.52, 68, 1.79995
FILLER_0_22_245, 114.52, 68, 1.79995
FILLER_0_18_245, 114.52, 57.12, 1.79995
FILLER_0_16_245, 114.52, 51.68, 1.79995
FILLER_0_14_245, 114.52, 46.24, 1.79994
FILLER_0_12_241, 114.52, 40.8, 1.79994
FILLER_0_12_249, 114.52, 40.8, 1.79994
FILLER_0_10_246, 114.52, 35.36, 1.79994
FILLER_0_8_245, 114.52, 29.92, 1.79994
FILLER_0_6_245, 114.52, 24.48, 1.79994
FILLER_0_4_245, 114.52, 19.04, 1.79994
FILLER_0_0_249, 114.52, 13.6, 1.79994
FILLER_0_1_249, 114.52, 13.6, 1.79994
FILLER_0_2_245, 114.52, 13.6, 1.79994
_491_, 99.52, 106.08, 1.79994
_536_, 99.52, 100.64, 1.79994
FILLER_0_32_197, 99.52, 100.64, 1.79994
_340_, 99.52, 95.2, 1.79995
_341_, 99.52, 95.2, 1.79995
_347_, 99.52, 89.76, 1.79995
_349_, 99.52, 89.76, 1.79995
FILLER_0_29_201, 99.52, 89.76, 1.79995
_351_, 99.52, 84.32, 1.79994
_534_, 99.52, 84.32, 1.79994
FILLER_0_26_197, 99.52, 84.32, 1.79994
FILLER_0_27_206, 99.52, 84.32, 1.79994
_352_, 99.52, 78.88, 1.79993
_353_, 99.52, 78.88, 1.79993
_489_, 99.52, 78.88, 1.79993
_533_, 99.52, 78.88, 1.79993
FILLER_0_25_202, 99.52, 78.88, 1.79993
_487_, 99.52, 73.44, 1.79995
FILLER_0_23_206, 99.52, 73.44, 1.79995
_358_, 99.52, 68, 1.79995
FILLER_0_20_197, 99.52, 68, 1.79995
_357_, 99.52, 62.56, 1.79994
_486_, 99.52, 57.12, 1.79995
_266_, 99.52, 51.68, 1.79994
_267_, 99.52, 46.24, 1.79994
_410_, 99.52, 46.24, 1.79994
_554_, 99.52, 46.24, 1.79994
FILLER_0_10_197, 99.52, 40.8, 1.79994
_485_, 99.52, 35.36, 1.79994
_508_, 99.52, 35.36, 1.79994
input5, 99.52, 13.6, 1.79994
FILLER_0_43_165, 84.52, 127.84, 1.79994
_329_, 84.52, 111.52, 1.79994
_538_, 84.52, 111.52, 1.79994
FILLER_0_37_169, 84.52, 111.52, 1.79994
_332_, 84.52, 106.08, 1.79994
FILLER_0_34_168, 84.52, 106.08, 1.79994
_256_, 84.52, 100.64, 1.79994
_328_, 84.52, 100.64, 1.79994
_331_, 84.52, 100.64, 1.79994
FILLER_0_32_164, 84.52, 100.64, 1.79994
FILLER_0_33_169, 84.52, 100.64, 1.79994
_327_, 84.52, 95.2, 1.79995
_318_, 84.52, 89.76, 1.79995
FILLER_0_29_169, 84.52, 89.76, 1.79995
FILLER_0_30_174, 84.52, 89.76, 1.79995
_254_, 84.52, 84.32, 1.79995
_263_, 84.52, 84.32, 1.79995
_342_, 84.52, 84.32, 1.79995
_343_, 84.52, 84.32, 1.79995
_344_, 84.52, 84.32, 1.79995
FILLER_0_26_165, 84.52, 84.32, 1.79995
FILLER_0_27_169, 84.52, 84.32, 1.79995
_258_, 84.52, 78.88, 1.79994
_259_, 84.52, 78.88, 1.79994
_261_, 84.52, 78.88, 1.79994
_260_, 84.52, 73.44, 1.79995
_365_, 84.52, 73.44, 1.79995
FILLER_0_23_165, 84.52, 73.44, 1.79995
_273_, 84.52, 68, 1.79995
_274_, 84.52, 68, 1.79995
_407_, 84.52, 68, 1.79995
_262_, 84.52, 62.56, 1.79994
_264_, 84.52, 62.56, 1.79994
_269_, 84.52, 62.56, 1.79994
_366_, 84.52, 62.56, 1.79994
_408_, 84.52, 62.56, 1.79994
_275_, 84.52, 57.12, 1.79995
_354_, 84.52, 57.12, 1.79995
FILLER_0_17_165, 84.52, 57.12, 1.79995
FILLER_0_17_169, 84.52, 57.12, 1.79995
_271_, 84.52, 46.24, 1.79994
_272_, 84.52, 46.24, 1.79994
_412_, 84.52, 46.24, 1.79994
_553_, 84.52, 46.24, 1.79994
FILLER_0_12_164, 84.52, 46.24, 1.79994
FILLER_0_13_169, 84.52, 46.24, 1.79994
FILLER_0_0_165, 84.52, 13.6, 1.79994
FILLER_0_1_165, 84.52, 13.6, 1.79994
FILLER_0_42_137, 69.52, 127.84, 1.79994
FILLER_0_43_137, 69.52, 127.84, 1.79994
FILLER_0_38_133, 69.52, 116.96, 1.79994
_539_, 69.52, 111.52, 1.79994
_330_, 69.52, 106.08, 1.79994
FILLER_0_35_137, 69.52, 106.08, 1.79994
FILLER_0_35_145, 69.52, 106.08, 1.79994
_324_, 69.52, 100.64, 1.79994
FILLER_0_33_132, 69.52, 100.64, 1.79994
FILLER_0_34_141, 69.52, 100.64, 1.79994
FILLER_0_30_133, 69.52, 95.2, 1.79995
FILLER_0_32_141, 69.52, 95.2, 1.79995
_316_, 69.52, 89.76, 1.79995
_325_, 69.52, 89.76, 1.79995
_456_, 69.52, 89.76, 1.79995
_463_, 69.52, 89.76, 1.79995
FILLER_0_29_134, 69.52, 89.76, 1.79995
_511_, 69.52, 84.32, 1.79995
_300_, 69.52, 78.88, 1.79995
_451_, 69.52, 78.88, 1.79995
_464_, 69.52, 73.44, 1.79995
_512_, 69.52, 73.44, 1.79995
FILLER_0_22_135, 69.52, 73.44, 1.79995
FILLER_0_23_137, 69.52, 73.44, 1.79995
FILLER_0_23_143, 69.52, 73.44, 1.79995
_380_, 69.52, 68, 1.79995
_373_, 69.52, 62.56, 1.79994
_379_, 69.52, 62.56, 1.79994
_377_, 69.52, 57.12, 1.79994
_277_, 69.52, 51.68, 1.79993
_480_, 69.52, 51.68, 1.79993
_527_, 69.52, 51.68, 1.79993
FILLER_0_14_133, 69.52, 51.68, 1.79993
_387_, 69.52, 46.24, 1.79994
_391_, 69.52, 46.24, 1.79994
FILLER_0_14_141, 69.52, 46.24, 1.79994
_390_, 69.52, 40.8, 1.79993
_394_, 69.52, 40.8, 1.79993
FILLER_0_11_135, 69.52, 40.8, 1.79993
FILLER_0_12_141, 69.52, 40.8, 1.79993
_393_, 69.52, 35.36, 1.79993
_395_, 69.52, 35.36, 1.79993
_396_, 69.52, 35.36, 1.79993
FILLER_0_9_131, 69.52, 35.36, 1.79993
FILLER_0_10_141, 69.52, 35.36, 1.79993
_287_, 69.52, 24.48, 1.79994
_548_, 69.52, 24.48, 1.79994
FILLER_0_4_137, 69.52, 24.48, 1.79994
_286_, 69.52, 19.04, 1.79994
_471_, 69.52, 19.04, 1.79994
FILLER_0_2_135, 69.52, 19.04, 1.79994
FILLER_0_0_137, 69.52, 13.6, 1.79994
_459_, 54.52, 127.84, 1.79994
FILLER_0_43_109, 54.52, 127.84, 1.79994
FILLER_0_41_105, 54.52, 122.4, 1.79994
_458_, 54.52, 116.96, 1.79994
FILLER_0_39_105, 54.52, 116.96, 1.79994
FILLER_0_37_105, 54.52, 111.52, 1.79994
_475_, 54.52, 106.08, 1.79994
FILLER_0_35_104, 54.52, 106.08, 1.79994
_430_, 54.52, 100.64, 1.79994
FILLER_0_33_104, 54.52, 100.64, 1.79994
FILLER_0_33_113, 54.52, 100.64, 1.79994
_452_, 54.52, 95.2, 1.79994
_454_, 54.52, 95.2, 1.79994
_510_, 54.52, 95.2, 1.79994
FILLER_0_31_105, 54.52, 95.2, 1.79994
_294_, 54.52, 89.76, 1.79995
_417_, 54.52, 89.76, 1.79995
_453_, 54.52, 89.76, 1.79995
_457_, 54.52, 89.76, 1.79995
FILLER_0_28_103, 54.52, 89.76, 1.79995
FILLER_0_29_99, 54.52, 89.76, 1.79995
_297_, 54.52, 84.32, 1.79994
_418_, 54.52, 84.32, 1.79994
_419_, 54.52, 84.32, 1.79994
FILLER_0_26_99, 54.52, 84.32, 1.79994
_460_, 54.52, 78.88, 1.79995
FILLER_0_24_104, 54.52, 78.88, 1.79995
FILLER_0_25_108, 54.52, 78.88, 1.79995
FILLER_0_25_113, 54.52, 78.88, 1.79995
_530_, 54.52, 73.44, 1.79995
FILLER_0_23_108, 54.52, 73.44, 1.79995
FILLER_0_24_112, 54.52, 73.44, 1.79995
_370_, 54.52, 68, 1.79994
_371_, 54.52, 68, 1.79994
_372_, 54.52, 68, 1.79994
_378_, 54.52, 68, 1.79994
_368_, 54.52, 62.56, 1.79994
FILLER_0_19_102, 54.52, 62.56, 1.79994
FILLER_0_20_108, 54.52, 62.56, 1.79994
_385_, 54.52, 57.12, 1.79994
_481_, 54.52, 57.12, 1.79994
FILLER_0_17_104, 54.52, 57.12, 1.79994
FILLER_0_18_112, 54.52, 57.12, 1.79994
_528_, 54.52, 51.68, 1.79993
FILLER_0_15_102, 54.52, 51.68, 1.79993
FILLER_0_13_103, 54.52, 46.24, 1.79994
_402_, 54.52, 40.8, 1.79992
_403_, 54.52, 40.8, 1.79992
_404_, 54.52, 40.8, 1.79992
_405_, 54.52, 40.8, 1.79992
_406_, 54.52, 40.8, 1.79992
FILLER_0_11_100, 54.52, 40.8, 1.79992
_401_, 54.52, 35.36, 1.79993
_500_, 54.52, 24.48, 1.79994
FILLER_0_5_105, 54.52, 24.48, 1.79994
_438_, 54.52, 19.04, 1.79994
_470_, 54.52, 19.04, 1.79994
FILLER_0_2_101, 54.52, 19.04, 1.79994
FILLER_0_3_108, 54.52, 19.04, 1.79994
FILLER_0_4_109, 54.52, 19.04, 1.79994
FILLER_0_0_109, 54.52, 13.6, 1.79993
FILLER_0_1_113, 54.52, 13.6, 1.79993
FILLER_0_2_109, 54.52, 13.6, 1.79993
FILLER_0_43_81, 39.52, 127.84, 1.79994
FILLER_0_42_77, 39.52, 122.4, 1.79994
FILLER_0_40_77, 39.52, 116.96, 1.79994
FILLER_0_38_77, 39.52, 111.52, 1.79994
_426_, 39.52, 106.08, 1.79993
_521_, 39.52, 106.08, 1.79993
FILLER_0_35_69, 39.52, 106.08, 1.79993
FILLER_0_36_77, 39.52, 106.08, 1.79993
_428_, 39.52, 100.64, 1.79993
_432_, 39.52, 100.64, 1.79993
_433_, 39.52, 100.64, 1.79993
_425_, 39.52, 95.2, 1.79994
_427_, 39.52, 95.2, 1.79994
_310_, 39.52, 89.76, 1.79994
FILLER_0_29_77, 39.52, 89.76, 1.79994
FILLER_0_30_80, 39.52, 89.76, 1.79994
_421_, 39.52, 84.32, 1.79994
_423_, 39.52, 84.32, 1.79994
FILLER_0_27_69, 39.52, 84.32, 1.79994
FILLER_0_27_82, 39.52, 84.32, 1.79994
FILLER_0_28_77, 39.52, 84.32, 1.79994
_295_, 39.52, 78.88, 1.79995
_298_, 39.52, 78.88, 1.79995
_302_, 39.52, 78.88, 1.79995
_303_, 39.52, 78.88, 1.79995
_420_, 39.52, 78.88, 1.79995
FILLER_0_24_73, 39.52, 78.88, 1.79995
FILLER_0_25_82, 39.52, 78.88, 1.79995
_359_, 39.52, 73.44, 1.79994
_361_, 39.52, 68, 1.79994
_531_, 39.52, 68, 1.79994
FILLER_0_22_78, 39.52, 68, 1.79994
FILLER_0_20_76, 39.52, 62.56, 1.79994
_279_, 39.52, 57.12, 1.79994
_505_, 39.52, 57.12, 1.79994
_552_, 39.52, 57.12, 1.79994
FILLER_0_17_67, 39.52, 57.12, 1.79994
FILLER_0_18_78, 39.52, 57.12, 1.79994
FILLER_0_16_77, 39.52, 51.68, 1.79994
_504_, 39.52, 46.24, 1.79994
FILLER_0_13_70, 39.52, 46.24, 1.79994
_293_, 39.52, 35.36, 1.79993
_503_, 39.52, 35.36, 1.79993
FILLER_0_9_79, 39.52, 35.36, 1.79993
FILLER_0_10_79, 39.52, 35.36, 1.79993
_292_, 39.52, 29.92, 1.79994
_499_, 39.52, 29.92, 1.79994
_545_, 39.52, 29.92, 1.79994
FILLER_0_8_74, 39.52, 29.92, 1.79994
FILLER_0_8_81, 39.52, 29.92, 1.79994
_440_, 39.52, 24.48, 1.79994
_441_, 39.52, 19.04, 1.79993
_517_, 39.52, 19.04, 1.79993
_469_, 39.52, 13.6, 1.79993
FILLER_0_0_81, 39.52, 13.6, 1.79993
FILLER_0_1_81, 39.52, 13.6, 1.79993
FILLER_0_2_75, 39.52, 13.6, 1.79993
_435_, 24.52, 100.64, 1.79993
FILLER_0_33_39, 24.52, 100.64, 1.79993
_461_, 24.52, 95.2, 1.79993
_520_, 24.52, 95.2, 1.79993
FILLER_0_30_41, 24.52, 95.2, 1.79993
FILLER_0_31_39, 24.52, 95.2, 1.79993
_541_, 24.52, 89.76, 1.79994
_306_, 24.52, 84.32, 1.79994
_496_, 24.52, 84.32, 1.79994
fanout16, 24.52, 84.32, 1.79994
FILLER_0_27_49, 24.52, 84.32, 1.79994
_307_, 24.52, 78.88, 1.79994
_309_, 24.52, 78.88, 1.79994
FILLER_0_24_41, 24.52, 78.88, 1.79994
_543_, 24.52, 73.44, 1.79994
FILLER_0_20_41, 24.52, 68, 1.79994
_465_, 24.52, 62.56, 1.79993
_513_, 24.52, 62.56, 1.79993
FILLER_0_18_41, 24.52, 62.56, 1.79993
_449_, 24.52, 57.12, 1.79994
FILLER_0_18_48, 24.52, 57.12, 1.79994
_446_, 24.52, 51.68, 1.79993
_447_, 24.52, 51.68, 1.79993
_514_, 24.52, 51.68, 1.79993
FILLER_0_15_38, 24.52, 51.68, 1.79993
FILLER_0_15_44, 24.52, 51.68, 1.79993
_444_, 24.52, 40.8, 1.79993
_515_, 24.52, 40.8, 1.79993
FILLER_0_11_39, 24.52, 40.8, 1.79993
_445_, 24.52, 35.36, 1.79994
_467_, 24.52, 35.36, 1.79994
FILLER_0_9_44, 24.52, 35.36, 1.79994
fanout11, 24.52, 29.92, 1.79994
FILLER_0_7_39, 24.52, 29.92, 1.79994
_516_, 24.52, 24.48, 1.79993
fanout13, 24.52, 24.48, 1.79993
FILLER_0_5_39, 24.52, 24.48, 1.79993
output10, 9.52, 127.84, 1.79992
PHY_84, 5.52, 127.84, 1.79992
PHY_86, 5.52, 127.84, 1.79992
FILLER_0_43_3, 5.52, 127.84, 1.79992
PHY_85, 127.42, 127.84, 1.79994
PHY_87, 127.42, 127.84, 1.79994
FILLER_0_42_253, 127.42, 127.84, 1.79994
FILLER_0_43_253, 127.42, 127.84, 1.79994
FILLER_0_43_25, 17.02, 127.84, 1.79992
FILLER_0_43_53, 32.02, 127.84, 1.79993
FILLER_0_43_193, 92.02, 127.84, 1.79994
input4, 107.02, 127.84, 1.79994
FILLER_0_43_221, 107.02, 127.84, 1.79994
PHY_80, 5.52, 122.4, 1.79994
PHY_82, 5.52, 122.4, 1.79994
PHY_81, 127.42, 122.4, 1.79994
PHY_83, 127.42, 122.4, 1.79994
input7, 127.42, 122.4, 1.79994
FILLER_0_40_253, 127.42, 122.4, 1.79994
FILLER_0_41_51, 32.02, 122.4, 1.79994
FILLER_0_42_97, 47.02, 122.4, 1.79994
FILLER_0_42_129, 62.02, 122.4, 1.79994
FILLER_0_41_161, 77.02, 122.4, 1.79994
FILLER_0_42_189, 92.02, 122.4, 1.79995
FILLER_0_41_217, 107.02, 122.4, 1.79995
PHY_76, 5.52, 116.96, 1.79994
PHY_78, 5.52, 116.96, 1.79994
PHY_77, 127.42, 116.96, 1.79995
PHY_79, 127.42, 116.96, 1.79995
FILLER_0_38_253, 127.42, 116.96, 1.79995
FILLER_0_39_51, 32.02, 116.96, 1.79994
FILLER_0_40_130, 62.02, 116.96, 1.79994
FILLER_0_39_161, 77.02, 116.96, 1.79994
FILLER_0_40_189, 92.02, 116.96, 1.79994
FILLER_0_39_217, 107.02, 116.96, 1.79995
PHY_72, 5.52, 111.52, 1.79994
PHY_74, 5.52, 111.52, 1.79994
PHY_73, 127.42, 111.52, 1.79995
PHY_75, 127.42, 111.52, 1.79995
FILLER_0_36_253, 127.42, 111.52, 1.79995
FILLER_0_37_51, 32.02, 111.52, 1.79994
_474_, 47.02, 111.52, 1.79994
_493_, 77.02, 111.52, 1.79994
FILLER_0_37_159, 77.02, 111.52, 1.79994
_492_, 92.02, 111.52, 1.79994
FILLER_0_38_189, 92.02, 111.52, 1.79994
PHY_68, 5.52, 106.08, 1.79994
PHY_70, 5.52, 106.08, 1.79994
PHY_69, 127.42, 106.08, 1.79995
PHY_71, 127.42, 106.08, 1.79995
FILLER_0_34_253, 127.42, 106.08, 1.79995
FILLER_0_34_18, 17.02, 106.08, 1.79994
FILLER_0_35_51, 32.02, 106.08, 1.79993
_431_, 47.02, 106.08, 1.79993
_522_, 47.02, 106.08, 1.79993
FILLER_0_35_93, 47.02, 106.08, 1.79993
_540_, 62.02, 106.08, 1.79993
_317_, 77.02, 106.08, 1.79994
_322_, 77.02, 106.08, 1.79994
_326_, 77.02, 106.08, 1.79994
FILLER_0_35_163, 77.02, 106.08, 1.79994
_335_, 92.02, 106.08, 1.79994
_537_, 92.02, 106.08, 1.79994
FILLER_0_34_180, 92.02, 106.08, 1.79994
FILLER_0_36_189, 92.02, 106.08, 1.79994
FILLER_0_35_213, 107.02, 106.08, 1.79994
FILLER_0_35_221, 107.02, 106.08, 1.79994
PHY_64, 5.52, 100.64, 1.79994
PHY_66, 5.52, 100.64, 1.79994
input1, 5.52, 100.64, 1.79994
PHY_65, 127.42, 100.64, 1.79994
PHY_67, 127.42, 100.64, 1.79994
FILLER_0_32_253, 127.42, 100.64, 1.79994
_362_, 17.02, 100.64, 1.79993
FILLER_0_33_27, 17.02, 100.64, 1.79993
_434_, 32.02, 100.64, 1.79993
_472_, 32.02, 100.64, 1.79993
FILLER_0_34_65, 32.02, 100.64, 1.79993
_313_, 47.02, 100.64, 1.79994
_424_, 47.02, 100.64, 1.79994
_429_, 47.02, 100.64, 1.79994
_473_, 62.02, 100.64, 1.79994
_494_, 62.02, 100.64, 1.79994
FILLER_0_33_123, 62.02, 100.64, 1.79994
_255_, 77.02, 100.64, 1.79994
_321_, 77.02, 100.64, 1.79994
_323_, 77.02, 100.64, 1.79994
_319_, 92.02, 100.64, 1.79994
_320_, 92.02, 100.64, 1.79994
_333_, 92.02, 100.64, 1.79994
_334_, 92.02, 100.64, 1.79994
FILLER_0_34_193, 92.02, 100.64, 1.79994
FILLER_0_33_220, 107.02, 100.64, 1.79994
PHY_60, 5.52, 95.2, 1.79994
PHY_62, 5.52, 95.2, 1.79994
PHY_61, 127.42, 95.2, 1.79995
PHY_63, 127.42, 95.2, 1.79995
FILLER_0_30_253, 127.42, 95.2, 1.79995
FILLER_0_31_53, 32.02, 95.2, 1.79994
_304_, 47.02, 95.2, 1.79994
_462_, 62.02, 95.2, 1.79994
_257_, 77.02, 95.2, 1.79995
FILLER_0_31_160, 77.02, 95.2, 1.79995
_338_, 92.02, 95.2, 1.79995
FILLER_0_30_184, 92.02, 95.2, 1.79995
FILLER_0_31_193, 92.02, 95.2, 1.79995
FILLER_0_32_192, 92.02, 95.2, 1.79995
_490_, 107.02, 95.2, 1.79995
PHY_56, 5.52, 89.76, 1.79994
PHY_58, 5.52, 89.76, 1.79994
PHY_57, 127.42, 89.76, 1.79995
PHY_59, 127.42, 89.76, 1.79995
FILLER_0_28_253, 127.42, 89.76, 1.79995
FILLER_0_29_252, 127.42, 89.76, 1.79995
_311_, 32.02, 89.76, 1.79994
_312_, 32.02, 89.76, 1.79994
_495_, 32.02, 89.76, 1.79994
_305_, 47.02, 89.76, 1.79995
FILLER_0_30_93, 47.02, 89.76, 1.79995
_315_, 62.02, 89.76, 1.79995
_455_, 62.02, 89.76, 1.79995
FILLER_0_28_122, 62.02, 89.76, 1.79995
FILLER_0_29_116, 62.02, 89.76, 1.79995
FILLER_0_30_123, 62.02, 89.76, 1.79995
FILLER_0_29_159, 77.02, 89.76, 1.79995
_336_, 92.02, 89.76, 1.79995
_337_, 92.02, 89.76, 1.79995
_339_, 92.02, 89.76, 1.79995
_350_, 107.02, 89.76, 1.79995
_488_, 107.02, 89.76, 1.79995
PHY_52, 5.52, 84.32, 1.79994
PHY_54, 5.52, 84.32, 1.79994
PHY_53, 127.42, 84.32, 1.79994
PHY_55, 127.42, 84.32, 1.79994
FILLER_0_26_253, 127.42, 84.32, 1.79994
fanout14, 17.02, 84.32, 1.79994
FILLER_0_27_27, 17.02, 84.32, 1.79994
_308_, 32.02, 84.32, 1.79994
_314_, 47.02, 84.32, 1.79994
_422_, 47.02, 84.32, 1.79994
_509_, 47.02, 84.32, 1.79994
FILLER_0_28_95, 47.02, 84.32, 1.79994
FILLER_0_28_130, 62.02, 84.32, 1.79994
FILLER_0_27_155, 77.02, 84.32, 1.79995
_345_, 92.02, 84.32, 1.79994
FILLER_0_28_189, 92.02, 84.32, 1.79994
_348_, 107.02, 84.32, 1.79994
FILLER_0_27_221, 107.02, 84.32, 1.79994
PHY_48, 5.52, 78.88, 1.79994
PHY_50, 5.52, 78.88, 1.79994
PHY_49, 127.42, 78.88, 1.79994
PHY_51, 127.42, 78.88, 1.79994
FILLER_0_24_253, 127.42, 78.88, 1.79994
_542_, 17.02, 78.88, 1.79993
FILLER_0_26_29, 17.02, 78.88, 1.79993
FILLER_0_25_51, 32.02, 78.88, 1.79994
FILLER_0_25_57, 32.02, 78.88, 1.79994
_296_, 47.02, 78.88, 1.79995
_299_, 47.02, 78.88, 1.79995
FILLER_0_26_91, 47.02, 78.88, 1.79995
_363_, 62.02, 78.88, 1.79995
_498_, 62.02, 78.88, 1.79995
_544_, 62.02, 78.88, 1.79995
FILLER_0_26_130, 62.02, 78.88, 1.79995
FILLER_0_25_158, 77.02, 78.88, 1.79995
_346_, 92.02, 78.88, 1.79994
FILLER_0_26_189, 92.02, 78.88, 1.79994
FILLER_0_25_221, 107.02, 78.88, 1.79994
PHY_44, 5.52, 73.44, 1.79994
PHY_46, 5.52, 73.44, 1.79994
PHY_45, 127.42, 73.44, 1.79995
PHY_47, 127.42, 73.44, 1.79995
FILLER_0_22_253, 127.42, 73.44, 1.79995
_497_, 32.02, 73.44, 1.79994
FILLER_0_23_51, 32.02, 73.44, 1.79994
FILLER_0_24_64, 32.02, 73.44, 1.79994
_360_, 47.02, 73.44, 1.79994
_301_, 62.02, 73.44, 1.79995
_364_, 62.02, 73.44, 1.79995
_450_, 77.02, 73.44, 1.79995
FILLER_0_22_153, 77.02, 73.44, 1.79995
FILLER_0_24_162, 77.02, 73.44, 1.79995
_535_, 92.02, 73.44, 1.79994
FILLER_0_23_181, 92.02, 73.44, 1.79994
FILLER_0_24_189, 92.02, 73.44, 1.79994
FILLER_0_23_215, 107.02, 73.44, 1.79995
PHY_40, 5.52, 68, 1.79994
PHY_42, 5.52, 68, 1.79994
_376_, 127.42, 68, 1.79995
PHY_41, 127.42, 68, 1.79995
PHY_43, 127.42, 68, 1.79995
input9, 127.42, 68, 1.79995
FILLER_0_20_253, 127.42, 68, 1.79995
FILLER_0_21_255, 127.42, 68, 1.79995
FILLER_0_21_51, 32.02, 68, 1.79994
FILLER_0_22_65, 32.02, 68, 1.79994
_369_, 47.02, 68, 1.79994
_483_, 47.02, 68, 1.79994
_484_, 47.02, 68, 1.79994
FILLER_0_21_91, 47.02, 68, 1.79994
fanout15, 62.02, 68, 1.79994
FILLER_0_20_118, 62.02, 68, 1.79994
FILLER_0_21_122, 62.02, 68, 1.79994
FILLER_0_21_158, 77.02, 68, 1.79995
FILLER_0_22_161, 77.02, 68, 1.79995
FILLER_0_22_191, 92.02, 68, 1.79995
FILLER_0_21_217, 107.02, 68, 1.79995
PHY_36, 5.52, 62.56, 1.79994
PHY_38, 5.52, 62.56, 1.79994
PHY_37, 127.42, 62.56, 1.79995
PHY_39, 127.42, 62.56, 1.79995
FILLER_0_18_253, 127.42, 62.56, 1.79995
FILLER_0_19_27, 17.02, 62.56, 1.79994
_281_, 32.02, 62.56, 1.79993
_448_, 32.02, 62.56, 1.79993
_551_, 32.02, 62.56, 1.79993
_506_, 47.02, 62.56, 1.79994
FILLER_0_20_97, 47.02, 62.56, 1.79994
_482_, 62.02, 62.56, 1.79994
_529_, 62.02, 62.56, 1.79994
FILLER_0_18_120, 62.02, 62.56, 1.79994
FILLER_0_19_125, 62.02, 62.56, 1.79994
FILLER_0_20_126, 62.02, 62.56, 1.79994
_268_, 77.02, 62.56, 1.79994
_374_, 77.02, 62.56, 1.79994
FILLER_0_19_150, 77.02, 62.56, 1.79994
FILLER_0_20_157, 77.02, 62.56, 1.79994
_355_, 92.02, 62.56, 1.79994
_356_, 92.02, 62.56, 1.79994
_409_, 92.02, 62.56, 1.79994
_532_, 92.02, 62.56, 1.79994
FILLER_0_18_183, 92.02, 62.56, 1.79994
FILLER_0_19_214, 107.02, 62.56, 1.79994
PHY_32, 5.52, 57.12, 1.79994
PHY_34, 5.52, 57.12, 1.79994
PHY_33, 127.42, 57.12, 1.79995
PHY_35, 127.42, 57.12, 1.79995
FILLER_0_16_253, 127.42, 57.12, 1.79995
_280_, 32.02, 57.12, 1.79994
FILLER_0_17_51, 32.02, 57.12, 1.79994
_278_, 47.02, 57.12, 1.79994
_367_, 47.02, 57.12, 1.79994
_375_, 62.02, 57.12, 1.79994
_381_, 62.02, 57.12, 1.79994
_276_, 77.02, 57.12, 1.79994
FILLER_0_17_157, 77.02, 57.12, 1.79994
FILLER_0_18_157, 77.02, 57.12, 1.79994
FILLER_0_18_191, 92.02, 57.12, 1.79995
FILLER_0_17_213, 107.02, 57.12, 1.79995
FILLER_0_17_221, 107.02, 57.12, 1.79995
PHY_28, 5.52, 51.68, 1.79994
PHY_30, 5.52, 51.68, 1.79994
input6, 5.52, 51.68, 1.79994
PHY_29, 127.42, 51.68, 1.79995
PHY_31, 127.42, 51.68, 1.79995
FILLER_0_14_253, 127.42, 51.68, 1.79995
FILLER_0_15_30, 17.02, 51.68, 1.79994
_466_, 32.02, 51.68, 1.79993
_382_, 47.02, 51.68, 1.79993
_383_, 62.02, 51.68, 1.79993
_384_, 62.02, 51.68, 1.79993
FILLER_0_15_130, 62.02, 51.68, 1.79993
_386_, 77.02, 51.68, 1.79994
FILLER_0_15_162, 77.02, 51.68, 1.79994
_265_, 92.02, 51.68, 1.79994
_270_, 92.02, 51.68, 1.79994
_411_, 92.02, 51.68, 1.79994
_413_, 92.02, 51.68, 1.79994
FILLER_0_16_189, 92.02, 51.68, 1.79994
FILLER_0_15_219, 107.02, 51.68, 1.79994
PHY_24, 5.52, 46.24, 1.79994
PHY_26, 5.52, 46.24, 1.79994
PHY_25, 127.42, 46.24, 1.79994
PHY_27, 127.42, 46.24, 1.79994
FILLER_0_12_253, 127.42, 46.24, 1.79994
FILLER_0_14_29, 17.02, 46.24, 1.79994
_282_, 32.02, 46.24, 1.79994
_283_, 32.02, 46.24, 1.79994
_285_, 32.02, 46.24, 1.79994
_550_, 32.02, 46.24, 1.79994
FILLER_0_12_53, 32.02, 46.24, 1.79994
FILLER_0_13_51, 32.02, 46.24, 1.79994
FILLER_0_13_57, 32.02, 46.24, 1.79994
_416_, 47.02, 46.24, 1.79994
_476_, 47.02, 46.24, 1.79994
_523_, 47.02, 46.24, 1.79994
FILLER_0_13_88, 47.02, 46.24, 1.79994
_389_, 77.02, 46.24, 1.79994
FILLER_0_13_161, 77.02, 46.24, 1.79994
_507_, 92.02, 46.24, 1.79994
FILLER_0_13_193, 92.02, 46.24, 1.79994
FILLER_0_14_192, 92.02, 46.24, 1.79994
FILLER_0_13_213, 107.02, 46.24, 1.79994
FILLER_0_13_221, 107.02, 46.24, 1.79994
PHY_20, 5.52, 40.8, 1.79994
PHY_22, 5.52, 40.8, 1.79994
PHY_21, 127.42, 40.8, 1.79994
PHY_23, 127.42, 40.8, 1.79994
FILLER_0_10_253, 127.42, 40.8, 1.79994
_549_, 32.02, 40.8, 1.79993
fanout12, 32.02, 40.8, 1.79993
_415_, 47.02, 40.8, 1.79993
_397_, 62.02, 40.8, 1.79992
_398_, 62.02, 40.8, 1.79992
FILLER_0_11_120, 62.02, 40.8, 1.79992
_526_, 77.02, 40.8, 1.79993
FILLER_0_11_160, 77.02, 40.8, 1.79993
FILLER_0_12_156, 77.02, 40.8, 1.79993
FILLER_0_10_182, 92.02, 40.8, 1.79994
FILLER_0_12_190, 92.02, 40.8, 1.79994
FILLER_0_11_217, 107.02, 40.8, 1.79994
PHY_16, 5.52, 35.36, 1.79994
PHY_18, 5.52, 35.36, 1.79994
PHY_17, 127.42, 35.36, 1.79994
PHY_19, 127.42, 35.36, 1.79994
FILLER_0_8_253, 127.42, 35.36, 1.79994
FILLER_0_10_29, 17.02, 35.36, 1.79994
_284_, 32.02, 35.36, 1.79994
FILLER_0_9_50, 32.02, 35.36, 1.79994
_414_, 47.02, 35.36, 1.79993
_524_, 47.02, 35.36, 1.79993
FILLER_0_8_85, 47.02, 35.36, 1.79993
FILLER_0_10_97, 47.02, 35.36, 1.79993
_399_, 62.02, 35.36, 1.79993
_400_, 62.02, 35.36, 1.79993
FILLER_0_8_122, 62.02, 35.36, 1.79993
FILLER_0_10_125, 62.02, 35.36, 1.79993
_392_, 77.02, 35.36, 1.79994
_479_, 77.02, 35.36, 1.79994
FILLER_0_9_154, 77.02, 35.36, 1.79994
FILLER_0_9_160, 77.02, 35.36, 1.79994
_388_, 92.02, 35.36, 1.79994
FILLER_0_9_193, 92.02, 35.36, 1.79994
FILLER_0_10_193, 92.02, 35.36, 1.79994
FILLER_0_9_221, 107.02, 35.36, 1.79994
PHY_12, 5.52, 29.92, 1.79994
PHY_14, 5.52, 29.92, 1.79994
PHY_13, 127.42, 29.92, 1.79994
PHY_15, 127.42, 29.92, 1.79994
FILLER_0_6_253, 127.42, 29.92, 1.79994
_442_, 32.02, 29.92, 1.79994
_443_, 32.02, 29.92, 1.79994
FILLER_0_7_53, 32.02, 29.92, 1.79994
FILLER_0_8_65, 32.02, 29.92, 1.79994
_477_, 47.02, 29.92, 1.79993
_546_, 47.02, 29.92, 1.79993
FILLER_0_6_85, 47.02, 29.92, 1.79993
_478_, 62.02, 29.92, 1.79993
_525_, 62.02, 29.92, 1.79993
FILLER_0_7_125, 62.02, 29.92, 1.79993
FILLER_0_8_130, 62.02, 29.92, 1.79993
FILLER_0_7_160, 77.02, 29.92, 1.79994
FILLER_0_8_189, 92.02, 29.92, 1.79994
FILLER_0_7_217, 107.02, 29.92, 1.79994
PHY_8, 5.52, 24.48, 1.79994
PHY_10, 5.52, 24.48, 1.79994
PHY_9, 127.42, 24.48, 1.79994
PHY_11, 127.42, 24.48, 1.79994
FILLER_0_4_253, 127.42, 24.48, 1.79994
_468_, 32.02, 24.48, 1.79993
FILLER_0_5_51, 32.02, 24.48, 1.79993
FILLER_0_6_63, 32.02, 24.48, 1.79993
_290_, 47.02, 24.48, 1.79994
_291_, 47.02, 24.48, 1.79994
FILLER_0_5_84, 47.02, 24.48, 1.79994
_288_, 62.02, 24.48, 1.79994
_289_, 62.02, 24.48, 1.79994
_501_, 62.02, 24.48, 1.79994
_547_, 62.02, 24.48, 1.79994
FILLER_0_6_124, 62.02, 24.48, 1.79994
FILLER_0_6_130, 62.02, 24.48, 1.79994
_502_, 77.02, 24.48, 1.79994
FILLER_0_5_163, 77.02, 24.48, 1.79994
FILLER_0_4_186, 92.02, 24.48, 1.79994
FILLER_0_6_189, 92.02, 24.48, 1.79994
FILLER_0_5_217, 107.02, 24.48, 1.79994
PHY_4, 5.52, 19.04, 1.79994
PHY_6, 5.52, 19.04, 1.79994
PHY_5, 127.42, 19.04, 1.79994
PHY_7, 127.42, 19.04, 1.79994
FILLER_0_2_253, 127.42, 19.04, 1.79994
FILLER_0_3_51, 32.02, 19.04, 1.79994
FILLER_0_4_65, 32.02, 19.04, 1.79994
FILLER_0_3_89, 47.02, 19.04, 1.79994
_436_, 62.02, 19.04, 1.79994
FILLER_0_4_129, 62.02, 19.04, 1.79994
FILLER_0_3_161, 77.02, 19.04, 1.79994
FILLER_0_3_217, 107.02, 19.04, 1.79994
PHY_0, 5.52, 13.6, 1.79994
PHY_2, 5.52, 13.6, 1.79994
input3, 5.52, 13.6, 1.79994
PHY_1, 127.42, 13.6, 1.79994
PHY_3, 127.42, 13.6, 1.79994
input2, 127.42, 13.6, 1.79994
FILLER_0_0_253, 127.42, 13.6, 1.79994
FILLER_0_0_18, 17.02, 13.6, 1.79994
FILLER_0_0_53, 32.02, 13.6, 1.79994
FILLER_0_1_51, 32.02, 13.6, 1.79994
FILLER_0_2_65, 32.02, 13.6, 1.79994
_439_, 47.02, 13.6, 1.79993
_518_, 47.02, 13.6, 1.79993
input8, 47.02, 13.6, 1.79993
FILLER_0_0_85, 47.02, 13.6, 1.79993
FILLER_0_1_89, 47.02, 13.6, 1.79993
_437_, 62.02, 13.6, 1.79993
_519_, 62.02, 13.6, 1.79993
FILLER_0_0_193, 92.02, 13.6, 1.79994
FILLER_0_2_189, 92.02, 13.6, 1.79994
FILLER_0_0_214, 107.02, 13.6, 1.79994
FILLER_0_1_217, 107.02, 13.6, 1.79994

