
===========================================================================
 report_power
============================================================================
======================= Fastest Corner ===================================

Group                  Internal  Switching    Leakage      Total
                          Power      Power      Power      Power (Watts)
----------------------------------------------------------------
Sequential             7.18e-05   9.02e-05   2.22e-07   1.62e-04  50.6%
Combinational          8.34e-05   7.47e-05   2.72e-09   1.58e-04  49.4%
Macro                  0.00e+00   0.00e+00   0.00e+00   0.00e+00   0.0%
Pad                    0.00e+00   0.00e+00   0.00e+00   0.00e+00   0.0%
----------------------------------------------------------------
Total                  1.55e-04   1.65e-04   2.25e-07   3.20e-04 100.0%
                          48.4%      51.5%       0.1%

======================= Slowest Corner ===================================

Group                  Internal  Switching    Leakage      Total
                          Power      Power      Power      Power (Watts)
----------------------------------------------------------------
Sequential             5.10e-05   5.88e-05   8.88e-07   1.11e-04  49.7%
Combinational          6.23e-05   4.86e-05   1.25e-06   1.12e-04  50.3%
Macro                  0.00e+00   0.00e+00   0.00e+00   0.00e+00   0.0%
Pad                    0.00e+00   0.00e+00   0.00e+00   0.00e+00   0.0%
----------------------------------------------------------------
Total                  1.13e-04   1.07e-04   2.14e-06   2.23e-04 100.0%
                          50.8%      48.2%       1.0%

======================= Typical Corner ===================================

Group                  Internal  Switching    Leakage      Total
                          Power      Power      Power      Power (Watts)
----------------------------------------------------------------
Sequential             6.43e-05   7.54e-05   2.22e-07   1.40e-04  50.2%
Combinational          7.62e-05   6.27e-05   2.22e-09   1.39e-04  49.8%
Macro                  0.00e+00   0.00e+00   0.00e+00   0.00e+00   0.0%
Pad                    0.00e+00   0.00e+00   0.00e+00   0.00e+00   0.0%
----------------------------------------------------------------
Total                  1.40e-04   1.38e-04   2.24e-07   2.79e-04 100.0%
                          50.4%      49.6%       0.1%

