
===========================================================================
 report_power
============================================================================
======================= Fastest Corner ===================================

Group                  Internal  Switching    Leakage      Total
                          Power      Power      Power      Power (Watts)
----------------------------------------------------------------
Sequential             7.24e-05   8.75e-05   2.22e-07   1.60e-04  50.6%
Combinational          8.33e-05   7.29e-05   2.72e-09   1.56e-04  49.4%
Macro                  0.00e+00   0.00e+00   0.00e+00   0.00e+00   0.0%
Pad                    0.00e+00   0.00e+00   0.00e+00   0.00e+00   0.0%
----------------------------------------------------------------
Total                  1.56e-04   1.60e-04   2.25e-07   3.16e-04 100.0%
                          49.2%      50.7%       0.1%

======================= Slowest Corner ===================================

Group                  Internal  Switching    Leakage      Total
                          Power      Power      Power      Power (Watts)
----------------------------------------------------------------
Sequential             5.14e-05   5.70e-05   8.88e-07   1.09e-04  49.6%
Combinational          6.23e-05   4.74e-05   1.25e-06   1.11e-04  50.4%
Macro                  0.00e+00   0.00e+00   0.00e+00   0.00e+00   0.0%
Pad                    0.00e+00   0.00e+00   0.00e+00   0.00e+00   0.0%
----------------------------------------------------------------
Total                  1.14e-04   1.04e-04   2.14e-06   2.20e-04 100.0%
                          51.6%      47.4%       1.0%

======================= Typical Corner ===================================

Group                  Internal  Switching    Leakage      Total
                          Power      Power      Power      Power (Watts)
----------------------------------------------------------------
Sequential             6.47e-05   7.31e-05   2.22e-07   1.38e-04  50.1%
Combinational          7.61e-05   6.12e-05   2.22e-09   1.37e-04  49.9%
Macro                  0.00e+00   0.00e+00   0.00e+00   0.00e+00   0.0%
Pad                    0.00e+00   0.00e+00   0.00e+00   0.00e+00   0.0%
----------------------------------------------------------------
Total                  1.41e-04   1.34e-04   2.24e-07   2.75e-04 100.0%
                          51.1%      48.8%       0.1%

