
===========================================================================
report_checks -path_delay min (Hold)
============================================================================
======================= Fastest Corner ===================================

Startpoint: select (clock source 'select')
Endpoint: out (output port clocked by select)
Path Group: select
Path Type: min
Corner: Fastest

Fanout     Cap    Slew   Delay    Time   Description
-----------------------------------------------------------------------------
                          0.00    0.00   clock select (rise edge)
                          0.00    0.00   clock source latency
                  0.02    0.01    0.01 ^ select (in)
     1    0.01                           select (net)
                  0.02    0.00    0.01 ^ _458_/S (sky130_fd_sc_hd__mux2_2)
                  0.03    0.08    0.09 ^ _458_/X (sky130_fd_sc_hd__mux2_2)
     1    0.00                           _250_ (net)
                  0.03    0.00    0.09 ^ _459_/A (sky130_fd_sc_hd__buf_1)
                  0.07    0.07    0.17 ^ _459_/X (sky130_fd_sc_hd__buf_1)
     1    0.01                           net10 (net)
                  0.07    0.00    0.17 ^ output10/A (sky130_fd_sc_hd__buf_1)
                  0.30    0.23    0.40 ^ output10/X (sky130_fd_sc_hd__buf_1)
     1    0.03                           out (net)
                  0.30    0.00    0.40 ^ out (out)
                                  0.40   data arrival time

                          0.00    0.00   clock select (rise edge)
                          0.00    0.00   clock network delay (propagated)
                          0.25    0.25   clock uncertainty
                          0.00    0.25   clock reconvergence pessimism
                         -2.00   -1.75   output external delay
                                 -1.75   data required time
-----------------------------------------------------------------------------
                                 -1.75   data required time
                                 -0.40   data arrival time
-----------------------------------------------------------------------------
                                  2.15   slack (MET)



======================= Slowest Corner ===================================

Startpoint: select (clock source 'select')
Endpoint: out (output port clocked by select)
Path Group: select
Path Type: min
Corner: Slowest

Fanout     Cap    Slew   Delay    Time   Description
-----------------------------------------------------------------------------
                          0.00    0.00   clock select (rise edge)
                          0.00    0.00   clock source latency
                  0.05    0.03    0.03 ^ select (in)
     1    0.01                           select (net)
                  0.05    0.00    0.03 ^ _458_/S (sky130_fd_sc_hd__mux2_2)
                  0.07    0.26    0.29 ^ _458_/X (sky130_fd_sc_hd__mux2_2)
     1    0.00                           _250_ (net)
                  0.07    0.00    0.29 ^ _459_/A (sky130_fd_sc_hd__buf_1)
                  0.15    0.20    0.48 ^ _459_/X (sky130_fd_sc_hd__buf_1)
     1    0.01                           net10 (net)
                  0.15    0.00    0.48 ^ output10/A (sky130_fd_sc_hd__buf_1)
                  0.64    0.57    1.05 ^ output10/X (sky130_fd_sc_hd__buf_1)
     1    0.03                           out (net)
                  0.64    0.00    1.05 ^ out (out)
                                  1.05   data arrival time

                          0.00    0.00   clock select (rise edge)
                          0.00    0.00   clock network delay (propagated)
                          0.25    0.25   clock uncertainty
                          0.00    0.25   clock reconvergence pessimism
                         -2.00   -1.75   output external delay
                                 -1.75   data required time
-----------------------------------------------------------------------------
                                 -1.75   data required time
                                 -1.05   data arrival time
-----------------------------------------------------------------------------
                                  2.80   slack (MET)



======================= Typical Corner ===================================

Startpoint: select (clock source 'select')
Endpoint: out (output port clocked by select)
Path Group: select
Path Type: min
Corner: Typical

Fanout     Cap    Slew   Delay    Time   Description
-----------------------------------------------------------------------------
                          0.00    0.00   clock select (rise edge)
                          0.00    0.00   clock source latency
                  0.03    0.02    0.02 ^ select (in)
     1    0.01                           select (net)
                  0.03    0.00    0.02 ^ _458_/S (sky130_fd_sc_hd__mux2_2)
                  0.04    0.13    0.15 ^ _458_/X (sky130_fd_sc_hd__mux2_2)
     1    0.00                           _250_ (net)
                  0.04    0.00    0.15 ^ _459_/A (sky130_fd_sc_hd__buf_1)
                  0.10    0.11    0.26 ^ _459_/X (sky130_fd_sc_hd__buf_1)
     1    0.01                           net10 (net)
                  0.10    0.00    0.26 ^ output10/A (sky130_fd_sc_hd__buf_1)
                  0.40    0.33    0.58 ^ output10/X (sky130_fd_sc_hd__buf_1)
     1    0.03                           out (net)
                  0.40    0.00    0.58 ^ out (out)
                                  0.58   data arrival time

                          0.00    0.00   clock select (rise edge)
                          0.00    0.00   clock network delay (propagated)
                          0.25    0.25   clock uncertainty
                          0.00    0.25   clock reconvergence pessimism
                         -2.00   -1.75   output external delay
                                 -1.75   data required time
-----------------------------------------------------------------------------
                                 -1.75   data required time
                                 -0.58   data arrival time
-----------------------------------------------------------------------------
                                  2.33   slack (MET)



