Instance name,  X location,  Y location,  Voltage 
FILLER_0_42_245, 117.82, 125.12, 5.29122e-05
FILLER_0_42_253, 117.82, 125.12, 5.29122e-05
FILLER_0_43_245, 117.82, 125.12, 5.29122e-05
FILLER_0_43_253, 117.82, 125.12, 5.29122e-05
FILLER_0_40_245, 117.82, 119.68, 5.3166e-05
FILLER_0_40_253, 117.82, 119.68, 5.3166e-05
FILLER_0_38_245, 117.82, 114.24, 5.25245e-05
FILLER_0_38_253, 117.82, 114.24, 5.25245e-05
FILLER_0_36_245, 117.82, 108.8, 5.37829e-05
FILLER_0_36_253, 117.82, 108.8, 5.37829e-05
FILLER_0_34_245, 117.82, 103.36, 5.13438e-05
FILLER_0_34_253, 117.82, 103.36, 5.13438e-05
FILLER_0_32_253, 117.82, 97.92, 5.25775e-05
FILLER_0_30_245, 117.82, 92.48, 4.97005e-05
FILLER_0_30_253, 117.82, 92.48, 4.97005e-05
FILLER_0_28_244, 117.82, 87.04, 5.38807e-05
FILLER_0_28_253, 117.82, 87.04, 5.38807e-05
FILLER_0_29_252, 117.82, 87.04, 5.38807e-05
FILLER_0_26_253, 117.82, 81.6, 5.05544e-05
FILLER_0_24_249, 117.82, 76.16, 5.06308e-05
FILLER_0_24_253, 117.82, 76.16, 5.06308e-05
FILLER_0_22_245, 117.82, 70.72, 5.02896e-05
FILLER_0_22_253, 117.82, 70.72, 5.02896e-05
_376_, 117.82, 65.28, 5.32698e-05
FILLER_0_20_253, 117.82, 65.28, 5.32698e-05
FILLER_0_21_249, 117.82, 65.28, 5.32698e-05
FILLER_0_18_245, 117.82, 59.84, 5.38808e-05
FILLER_0_18_253, 117.82, 59.84, 5.38808e-05
FILLER_0_16_245, 117.82, 54.4, 5.43932e-05
FILLER_0_16_253, 117.82, 54.4, 5.43932e-05
FILLER_0_14_245, 117.82, 48.96, 5.58555e-05
FILLER_0_14_253, 117.82, 48.96, 5.58555e-05
FILLER_0_12_241, 117.82, 43.52, 5.71663e-05
FILLER_0_12_249, 117.82, 43.52, 5.71663e-05
FILLER_0_12_253, 117.82, 43.52, 5.71663e-05
FILLER_0_10_246, 117.82, 38.08, 5.79899e-05
FILLER_0_10_253, 117.82, 38.08, 5.79899e-05
FILLER_0_8_245, 117.82, 32.64, 5.86405e-05
FILLER_0_8_253, 117.82, 32.64, 5.86405e-05
FILLER_0_6_245, 117.82, 27.2, 5.85223e-05
FILLER_0_6_253, 117.82, 27.2, 5.85223e-05
FILLER_0_4_245, 117.82, 21.76, 5.88685e-05
FILLER_0_4_253, 117.82, 21.76, 5.88685e-05
FILLER_0_2_245, 117.82, 16.32, 5.96515e-05
FILLER_0_2_253, 117.82, 16.32, 5.96515e-05
FILLER_0_0_249, 117.82, 10.88, 5.9261e-05
FILLER_0_0_253, 117.82, 10.88, 5.9261e-05
FILLER_0_1_249, 117.82, 10.88, 5.9261e-05
FILLER_0_41_217, 102.82, 119.68, 5.32952e-05
FILLER_0_39_217, 102.82, 114.24, 5.31389e-05
_491_, 102.82, 108.8, 5.68198e-05
FILLER_0_35_213, 102.82, 103.36, 5.16364e-05
_341_, 102.82, 97.92, 5.5474e-05
_347_, 102.82, 92.48, 4.94086e-05
_349_, 102.82, 92.48, 4.94086e-05
_350_, 102.82, 87.04, 6.10563e-05
_351_, 102.82, 87.04, 6.10563e-05
_534_, 102.82, 87.04, 6.10563e-05
FILLER_0_27_206, 102.82, 87.04, 6.10563e-05
_348_, 102.82, 81.6, 5.4178e-05
_352_, 102.82, 81.6, 5.4178e-05
_353_, 102.82, 81.6, 5.4178e-05
FILLER_0_23_206, 102.82, 76.16, 5.44599e-05
_487_, 102.82, 70.72, 5.12789e-05
FILLER_0_23_215, 102.82, 70.72, 5.12789e-05
FILLER_0_21_217, 102.82, 65.28, 5.48382e-05
_486_, 102.82, 59.84, 5.59257e-05
FILLER_0_19_214, 102.82, 59.84, 5.59257e-05
FILLER_0_17_213, 102.82, 54.4, 5.5276e-05
_410_, 102.82, 48.96, 5.70546e-05
FILLER_0_15_219, 102.82, 48.96, 5.70546e-05
FILLER_0_13_213, 102.82, 43.52, 5.88716e-05
_508_, 102.82, 38.08, 5.96327e-05
FILLER_0_11_217, 102.82, 38.08, 5.96327e-05
FILLER_0_7_217, 102.82, 27.2, 5.91831e-05
FILLER_0_5_217, 102.82, 21.76, 5.94581e-05
FILLER_0_3_217, 102.82, 16.32, 5.99093e-05
FILLER_0_0_214, 102.82, 10.88, 5.99863e-05
FILLER_0_1_217, 102.82, 10.88, 5.99863e-05
_329_, 87.82, 114.24, 5.46983e-05
_492_, 87.82, 108.8, 5.92277e-05
_328_, 87.82, 103.36, 5.21472e-05
_331_, 87.82, 103.36, 5.21472e-05
_335_, 87.82, 103.36, 5.21472e-05
FILLER_0_34_180, 87.82, 103.36, 5.21472e-05
_319_, 87.82, 97.92, 5.57304e-05
_320_, 87.82, 97.92, 5.57304e-05
_327_, 87.82, 97.92, 5.57304e-05
_334_, 87.82, 97.92, 5.57304e-05
_318_, 87.82, 92.48, 4.82908e-05
_338_, 87.82, 92.48, 4.82908e-05
FILLER_0_30_174, 87.82, 92.48, 4.82908e-05
FILLER_0_30_184, 87.82, 92.48, 4.82908e-05
_336_, 87.82, 87.04, 5.20897e-05
_337_, 87.82, 87.04, 5.20897e-05
_342_, 87.82, 87.04, 5.20897e-05
_343_, 87.82, 87.04, 5.20897e-05
_344_, 87.82, 87.04, 5.20897e-05
_259_, 87.82, 81.6, 4.58731e-05
_345_, 87.82, 81.6, 4.58731e-05
_346_, 87.82, 76.16, 5.57081e-05
_407_, 87.82, 70.72, 5.49192e-05
_535_, 87.82, 70.72, 5.49192e-05
FILLER_0_23_181, 87.82, 70.72, 5.49192e-05
_269_, 87.82, 65.28, 5.71969e-05
_408_, 87.82, 65.28, 5.71969e-05
_264_, 87.82, 59.84, 6.19531e-05
_275_, 87.82, 59.84, 6.19531e-05
_354_, 87.82, 59.84, 6.19531e-05
_356_, 87.82, 59.84, 6.19531e-05
_409_, 87.82, 59.84, 6.19531e-05
FILLER_0_18_183, 87.82, 59.84, 6.19531e-05
_271_, 87.82, 48.96, 6.0147e-05
_272_, 87.82, 48.96, 6.0147e-05
_411_, 87.82, 48.96, 6.0147e-05
_412_, 87.82, 48.96, 6.0147e-05
_413_, 87.82, 48.96, 6.0147e-05
_507_, 87.82, 43.52, 6.26053e-05
FILLER_0_10_182, 87.82, 38.08, 6.37411e-05
FILLER_0_4_186, 87.82, 21.76, 6.06715e-05
_539_, 72.82, 114.24, 5.93055e-05
_330_, 72.82, 108.8, 5.76535e-05
_493_, 72.82, 108.8, 5.76535e-05
FILLER_0_35_145, 72.82, 108.8, 5.76535e-05
_317_, 72.82, 103.36, 5.45669e-05
_322_, 72.82, 103.36, 5.45669e-05
_324_, 72.82, 103.36, 5.45669e-05
_326_, 72.82, 103.36, 5.45669e-05
FILLER_0_34_141, 72.82, 103.36, 5.45669e-05
_255_, 72.82, 97.92, 5.5823e-05
_323_, 72.82, 97.92, 5.5823e-05
FILLER_0_32_141, 72.82, 97.92, 5.5823e-05
_316_, 72.82, 92.48, 4.79826e-05
_325_, 72.82, 92.48, 4.79826e-05
_511_, 72.82, 87.04, 5.28599e-05
_464_, 72.82, 76.16, 5.27713e-05
_512_, 72.82, 76.16, 5.27713e-05
FILLER_0_23_143, 72.82, 76.16, 5.27713e-05
_450_, 72.82, 70.72, 5.12537e-05
FILLER_0_22_153, 72.82, 70.72, 5.12537e-05
_373_, 72.82, 65.28, 6.02815e-05
_377_, 72.82, 59.84, 6.5087e-05
FILLER_0_19_150, 72.82, 59.84, 6.5087e-05
_276_, 72.82, 54.4, 6.43182e-05
_277_, 72.82, 54.4, 6.43182e-05
_527_, 72.82, 54.4, 6.43182e-05
_391_, 72.82, 48.96, 6.38612e-05
FILLER_0_14_141, 72.82, 48.96, 6.38612e-05
_389_, 72.82, 43.52, 7.09488e-05
_390_, 72.82, 43.52, 7.09488e-05
_394_, 72.82, 43.52, 7.09488e-05
FILLER_0_12_141, 72.82, 43.52, 7.09488e-05
_393_, 72.82, 38.08, 7.48611e-05
_395_, 72.82, 38.08, 7.48611e-05
_396_, 72.82, 38.08, 7.48611e-05
_526_, 72.82, 38.08, 7.48611e-05
FILLER_0_10_141, 72.82, 38.08, 7.48611e-05
_479_, 72.82, 32.64, 6.44477e-05
FILLER_0_9_154, 72.82, 32.64, 6.44477e-05
_548_, 72.82, 27.2, 6.29712e-05
_286_, 72.82, 21.76, 6.26822e-05
FILLER_0_43_109, 57.82, 130.56, 5.75715e-05
_458_, 57.82, 119.68, 6.32109e-05
_540_, 57.82, 103.36, 6.33195e-05
FILLER_0_33_113, 57.82, 103.36, 6.33195e-05
_473_, 57.82, 97.92, 6.77425e-05
_510_, 57.82, 97.92, 6.77425e-05
_417_, 57.82, 92.48, 5.21797e-05
_453_, 57.82, 92.48, 5.21797e-05
_454_, 57.82, 92.48, 5.21797e-05
_462_, 57.82, 92.48, 5.21797e-05
_294_, 57.82, 87.04, 5.65883e-05
_419_, 57.82, 87.04, 5.65883e-05
FILLER_0_29_116, 57.82, 87.04, 5.65883e-05
_460_, 57.82, 81.6, 4.73214e-05
FILLER_0_25_108, 57.82, 81.6, 4.73214e-05
FILLER_0_25_113, 57.82, 81.6, 4.73214e-05
_363_, 57.82, 76.16, 5.41779e-05
_544_, 57.82, 76.16, 5.41779e-05
FILLER_0_23_108, 57.82, 76.16, 5.41779e-05
FILLER_0_24_112, 57.82, 76.16, 5.41779e-05
_364_, 57.82, 70.72, 6.04255e-05
_370_, 57.82, 70.72, 6.04255e-05
_371_, 57.82, 70.72, 6.04255e-05
_368_, 57.82, 65.28, 6.7031e-05
FILLER_0_20_108, 57.82, 65.28, 6.7031e-05
FILLER_0_20_118, 57.82, 65.28, 6.7031e-05
_385_, 57.82, 59.84, 6.66048e-05
_481_, 57.82, 59.84, 6.66048e-05
FILLER_0_18_112, 57.82, 59.84, 6.66048e-05
FILLER_0_18_120, 57.82, 59.84, 6.66048e-05
_381_, 57.82, 54.4, 6.76945e-05
_528_, 57.82, 54.4, 6.76945e-05
_384_, 57.82, 48.96, 6.66415e-05
_402_, 57.82, 43.52, 6.97475e-05
_406_, 57.82, 43.52, 6.97475e-05
_401_, 57.82, 38.08, 7.61417e-05
FILLER_0_11_120, 57.82, 38.08, 7.61417e-05
_500_, 57.82, 27.2, 6.49603e-05
_288_, 57.82, 21.76, 6.47468e-05
_289_, 57.82, 21.76, 6.47468e-05
_547_, 57.82, 21.76, 6.47468e-05
FILLER_0_3_108, 57.82, 21.76, 6.47468e-05
FILLER_0_4_109, 57.82, 21.76, 6.47468e-05
_436_, 57.82, 16.32, 6.74967e-05
_470_, 57.82, 16.32, 6.74967e-05
FILLER_0_1_113, 57.82, 16.32, 6.74967e-05
FILLER_0_2_109, 57.82, 16.32, 6.74967e-05
_519_, 57.82, 10.88, 6.7793e-05
FILLER_0_0_109, 57.82, 10.88, 6.7793e-05
FILLER_0_43_81, 42.82, 130.56, 6.08523e-05
FILLER_0_42_77, 42.82, 125.12, 6.18605e-05
FILLER_0_40_77, 42.82, 119.68, 6.03936e-05
FILLER_0_38_77, 42.82, 114.24, 5.84528e-05
_474_, 42.82, 108.8, 5.80924e-05
FILLER_0_36_77, 42.82, 108.8, 5.80924e-05
_426_, 42.82, 103.36, 7.08977e-05
_428_, 42.82, 103.36, 7.08977e-05
_431_, 42.82, 103.36, 7.08977e-05
_432_, 42.82, 103.36, 7.08977e-05
_522_, 42.82, 103.36, 7.08977e-05
_313_, 42.82, 97.92, 6.64097e-05
_424_, 42.82, 97.92, 6.64097e-05
_425_, 42.82, 97.92, 6.64097e-05
_427_, 42.82, 97.92, 6.64097e-05
_304_, 42.82, 92.48, 5.72163e-05
_310_, 42.82, 92.48, 5.72163e-05
FILLER_0_29_77, 42.82, 92.48, 5.72163e-05
FILLER_0_30_80, 42.82, 92.48, 5.72163e-05
_305_, 42.82, 87.04, 5.97416e-05
_423_, 42.82, 87.04, 5.97416e-05
FILLER_0_28_77, 42.82, 87.04, 5.97416e-05
_298_, 42.82, 81.6, 5.36273e-05
_314_, 42.82, 81.6, 5.36273e-05
_420_, 42.82, 81.6, 5.36273e-05
_422_, 42.82, 81.6, 5.36273e-05
FILLER_0_27_82, 42.82, 81.6, 5.36273e-05
_296_, 42.82, 76.16, 5.56521e-05
_359_, 42.82, 76.16, 5.56521e-05
FILLER_0_24_73, 42.82, 76.16, 5.56521e-05
FILLER_0_25_82, 42.82, 76.16, 5.56521e-05
_360_, 42.82, 70.72, 6.3857e-05
_361_, 42.82, 70.72, 6.3857e-05
FILLER_0_22_78, 42.82, 70.72, 6.3857e-05
FILLER_0_20_76, 42.82, 65.28, 6.7475e-05
_279_, 42.82, 59.84, 6.6432e-05
_505_, 42.82, 59.84, 6.6432e-05
_506_, 42.82, 59.84, 6.6432e-05
_552_, 42.82, 59.84, 6.6432e-05
FILLER_0_18_78, 42.82, 59.84, 6.6432e-05
_278_, 42.82, 54.4, 6.42727e-05
FILLER_0_16_77, 42.82, 54.4, 6.42727e-05
_504_, 42.82, 48.96, 6.5691e-05
_476_, 42.82, 43.52, 6.68991e-05
_523_, 42.82, 43.52, 6.68991e-05
FILLER_0_13_88, 42.82, 43.52, 6.68991e-05
_503_, 42.82, 38.08, 7.403e-05
FILLER_0_9_79, 42.82, 38.08, 7.403e-05
FILLER_0_10_79, 42.82, 38.08, 7.403e-05
_414_, 42.82, 32.64, 6.52265e-05
_499_, 42.82, 32.64, 6.52265e-05
FILLER_0_8_74, 42.82, 32.64, 6.52265e-05
FILLER_0_8_81, 42.82, 32.64, 6.52265e-05
FILLER_0_8_85, 42.82, 32.64, 6.52265e-05
_292_, 42.82, 27.2, 6.78529e-05
_546_, 42.82, 27.2, 6.78529e-05
FILLER_0_6_85, 42.82, 27.2, 6.78529e-05
_440_, 42.82, 21.76, 6.46015e-05
FILLER_0_5_84, 42.82, 21.76, 6.46015e-05
_469_, 42.82, 16.32, 7.01596e-05
FILLER_0_1_81, 42.82, 16.32, 7.01596e-05
FILLER_0_2_75, 42.82, 16.32, 7.01596e-05
FILLER_0_3_89, 42.82, 16.32, 7.01596e-05
FILLER_0_0_81, 42.82, 10.88, 6.59288e-05
FILLER_0_0_85, 42.82, 10.88, 6.59288e-05
FILLER_0_1_89, 42.82, 10.88, 6.59288e-05
FILLER_0_43_53, 27.82, 125.12, 6.12136e-05
FILLER_0_41_51, 27.82, 119.68, 6.04444e-05
FILLER_0_39_51, 27.82, 114.24, 5.95979e-05
FILLER_0_37_51, 27.82, 108.8, 5.92753e-05
FILLER_0_35_51, 27.82, 103.36, 6.88586e-05
_435_, 27.82, 97.92, 7.41563e-05
_461_, 27.82, 97.92, 7.41563e-05
_472_, 27.82, 97.92, 7.41563e-05
_520_, 27.82, 97.92, 7.41563e-05
_541_, 27.82, 92.48, 6.46131e-05
FILLER_0_30_41, 27.82, 92.48, 6.46131e-05
FILLER_0_31_53, 27.82, 92.48, 6.46131e-05
_306_, 27.82, 87.04, 5.93589e-05
_312_, 27.82, 87.04, 5.93589e-05
_496_, 27.82, 87.04, 5.93589e-05
_307_, 27.82, 81.6, 6.10374e-05
_308_, 27.82, 81.6, 6.10374e-05
_309_, 27.82, 81.6, 6.10374e-05
FILLER_0_27_49, 27.82, 81.6, 6.10374e-05
_543_, 27.82, 76.16, 6.10106e-05
FILLER_0_24_41, 27.82, 76.16, 6.10106e-05
FILLER_0_25_51, 27.82, 76.16, 6.10106e-05
FILLER_0_23_51, 27.82, 70.72, 6.01777e-05
_465_, 27.82, 65.28, 6.63351e-05
FILLER_0_20_41, 27.82, 65.28, 6.63351e-05
FILLER_0_21_51, 27.82, 65.28, 6.63351e-05
_281_, 27.82, 59.84, 6.92104e-05
_449_, 27.82, 59.84, 6.92104e-05
_551_, 27.82, 59.84, 6.92104e-05
FILLER_0_18_41, 27.82, 59.84, 6.92104e-05
FILLER_0_18_48, 27.82, 59.84, 6.92104e-05
_446_, 27.82, 54.4, 6.2489e-05
_447_, 27.82, 54.4, 6.2489e-05
FILLER_0_15_44, 27.82, 54.4, 6.2489e-05
FILLER_0_17_51, 27.82, 54.4, 6.2489e-05
_466_, 27.82, 48.96, 6.72578e-05
_444_, 27.82, 43.52, 6.49005e-05
FILLER_0_12_53, 27.82, 43.52, 6.49005e-05
FILLER_0_13_51, 27.82, 43.52, 6.49005e-05
_445_, 27.82, 38.08, 7.12653e-05
_467_, 27.82, 38.08, 7.12653e-05
_549_, 27.82, 38.08, 7.12653e-05
FILLER_0_9_44, 27.82, 38.08, 7.12653e-05
fanout11, 27.82, 32.64, 6.58372e-05
FILLER_0_9_50, 27.82, 32.64, 6.58372e-05
_443_, 27.82, 27.2, 7.11836e-05
_516_, 27.82, 27.2, 7.11836e-05
fanout13, 27.82, 27.2, 7.11836e-05
FILLER_0_7_53, 27.82, 27.2, 7.11836e-05
FILLER_0_5_51, 27.82, 21.76, 6.46686e-05
FILLER_0_3_51, 27.82, 16.32, 6.84802e-05
FILLER_0_0_53, 27.82, 10.88, 6.53606e-05
FILLER_0_1_51, 27.82, 10.88, 6.53606e-05
output10, 12.82, 130.56, 8.30567e-05
FILLER_0_34_18, 12.82, 103.36, 6.37964e-05
FILLER_0_0_18, 12.82, 10.88, 6.54037e-05
PHY_86, 5.52, 130.56, 8.30567e-05
PHY_87, 127.42, 130.56, 5.41668e-05
FILLER_0_43_25, 20.32, 130.56, 7.51081e-05
FILLER_0_43_193, 95.32, 130.56, 5.42228e-05
input4, 110.32, 130.56, 5.52255e-05
FILLER_0_43_221, 110.32, 130.56, 5.52255e-05
PHY_82, 5.52, 125.12, 6.18293e-05
PHY_84, 5.52, 125.12, 6.18293e-05
FILLER_0_43_3, 5.52, 125.12, 6.18293e-05
PHY_83, 127.42, 125.12, 5.29122e-05
PHY_85, 127.42, 125.12, 5.29122e-05
_459_, 50.32, 125.12, 6.45457e-05
FILLER_0_42_97, 50.32, 125.12, 6.45457e-05
FILLER_0_42_129, 65.32, 125.12, 5.79703e-05
FILLER_0_42_137, 65.32, 125.12, 5.79703e-05
FILLER_0_43_137, 65.32, 125.12, 5.79703e-05
FILLER_0_41_161, 80.32, 125.12, 5.49589e-05
FILLER_0_43_165, 80.32, 125.12, 5.49589e-05
FILLER_0_42_189, 95.32, 125.12, 5.36658e-05
PHY_78, 5.52, 119.68, 6.10254e-05
PHY_80, 5.52, 119.68, 6.10254e-05
PHY_79, 127.42, 119.68, 5.37737e-05
PHY_81, 127.42, 119.68, 5.37737e-05
input7, 127.42, 119.68, 5.37737e-05
FILLER_0_41_105, 50.32, 119.68, 6.18023e-05
FILLER_0_40_130, 65.32, 119.68, 5.99194e-05
FILLER_0_39_161, 80.32, 119.68, 5.53951e-05
FILLER_0_40_189, 95.32, 119.68, 5.37287e-05
PHY_74, 5.52, 114.24, 6.03216e-05
PHY_76, 5.52, 114.24, 6.03216e-05
PHY_75, 127.42, 114.24, 5.25245e-05
PHY_77, 127.42, 114.24, 5.25245e-05
FILLER_0_39_105, 50.32, 114.24, 5.80826e-05
FILLER_0_38_133, 65.32, 114.24, 5.8509e-05
FILLER_0_37_159, 80.32, 114.24, 5.70019e-05
FILLER_0_38_189, 95.32, 114.24, 5.39186e-05
PHY_70, 5.52, 108.8, 5.98452e-05
PHY_72, 5.52, 108.8, 5.98452e-05
PHY_71, 127.42, 108.8, 5.37829e-05
PHY_73, 127.42, 108.8, 5.37829e-05
FILLER_0_35_93, 50.32, 108.8, 5.74718e-05
FILLER_0_37_105, 50.32, 108.8, 5.74718e-05
_538_, 80.32, 108.8, 6.19684e-05
FILLER_0_37_169, 80.32, 108.8, 6.19684e-05
_537_, 95.32, 108.8, 6.16225e-05
FILLER_0_36_189, 95.32, 108.8, 6.16225e-05
FILLER_0_35_221, 110.32, 108.8, 5.53013e-05
PHY_66, 5.52, 103.36, 6.40945e-05
PHY_68, 5.52, 103.36, 6.40945e-05
input1, 5.52, 103.36, 6.40945e-05
PHY_67, 127.42, 103.36, 5.13438e-05
PHY_69, 127.42, 103.36, 5.13438e-05
FILLER_0_33_27, 20.32, 103.36, 6.63275e-05
_434_, 35.32, 103.36, 7.8097e-05
_521_, 35.32, 103.36, 7.8097e-05
FILLER_0_34_65, 35.32, 103.36, 7.8097e-05
FILLER_0_35_69, 35.32, 103.36, 7.8097e-05
_429_, 50.32, 103.36, 6.72075e-05
_475_, 50.32, 103.36, 6.72075e-05
FILLER_0_35_104, 50.32, 103.36, 6.72075e-05
_494_, 65.32, 103.36, 5.90396e-05
FILLER_0_33_123, 65.32, 103.36, 5.90396e-05
FILLER_0_35_137, 65.32, 103.36, 5.90396e-05
_321_, 80.32, 103.36, 5.3357e-05
_332_, 80.32, 103.36, 5.3357e-05
FILLER_0_34_168, 80.32, 103.36, 5.3357e-05
FILLER_0_35_163, 80.32, 103.36, 5.3357e-05
_333_, 95.32, 103.36, 5.18918e-05
FILLER_0_34_193, 95.32, 103.36, 5.18918e-05
FILLER_0_33_220, 110.32, 103.36, 5.14901e-05
PHY_62, 5.52, 97.92, 6.62104e-05
PHY_64, 5.52, 97.92, 6.62104e-05
PHY_63, 127.42, 97.92, 5.25776e-05
PHY_65, 127.42, 97.92, 5.25776e-05
_362_, 20.32, 97.92, 7.11586e-05
FILLER_0_33_39, 20.32, 97.92, 7.11586e-05
_433_, 35.32, 97.92, 7.28681e-05
_430_, 50.32, 97.92, 6.70761e-05
FILLER_0_33_104, 50.32, 97.92, 6.70761e-05
FILLER_0_33_132, 65.32, 97.92, 6.17827e-05
_256_, 80.32, 97.92, 5.57767e-05
_257_, 80.32, 97.92, 5.57767e-05
FILLER_0_31_160, 80.32, 97.92, 5.57767e-05
FILLER_0_32_164, 80.32, 97.92, 5.57767e-05
FILLER_0_33_169, 80.32, 97.92, 5.57767e-05
_536_, 95.32, 97.92, 6.03343e-05
FILLER_0_31_193, 95.32, 97.92, 6.03343e-05
FILLER_0_32_192, 95.32, 97.92, 6.03343e-05
FILLER_0_32_197, 95.32, 97.92, 6.03343e-05
_490_, 110.32, 97.92, 5.41268e-05
PHY_58, 5.52, 92.48, 6.11684e-05
PHY_60, 5.52, 92.48, 6.11684e-05
PHY_59, 127.42, 92.48, 4.97006e-05
PHY_61, 127.42, 92.48, 4.97006e-05
FILLER_0_31_39, 20.32, 92.48, 6.28907e-05
_311_, 35.32, 92.48, 6.10146e-05
_495_, 35.32, 92.48, 6.10146e-05
_452_, 50.32, 92.48, 5.4698e-05
FILLER_0_30_93, 50.32, 92.48, 5.4698e-05
FILLER_0_31_105, 50.32, 92.48, 5.4698e-05
_315_, 65.32, 92.48, 5.00812e-05
_455_, 65.32, 92.48, 5.00812e-05
FILLER_0_30_123, 65.32, 92.48, 5.00812e-05
FILLER_0_30_133, 65.32, 92.48, 5.00812e-05
FILLER_0_29_159, 80.32, 92.48, 4.81367e-05
_339_, 95.32, 92.48, 4.88497e-05
_340_, 95.32, 92.48, 4.88497e-05
_488_, 110.32, 92.48, 4.96563e-05
PHY_54, 5.52, 87.04, 5.9404e-05
PHY_56, 5.52, 87.04, 5.9404e-05
PHY_55, 127.42, 87.04, 5.38807e-05
PHY_57, 127.42, 87.04, 5.38807e-05
fanout14, 20.32, 87.04, 6.01253e-05
FILLER_0_27_27, 20.32, 87.04, 6.01253e-05
_457_, 50.32, 87.04, 6.39643e-05
_509_, 50.32, 87.04, 6.39643e-05
FILLER_0_28_95, 50.32, 87.04, 6.39643e-05
FILLER_0_28_103, 50.32, 87.04, 6.39643e-05
FILLER_0_29_99, 50.32, 87.04, 6.39643e-05
_456_, 65.32, 87.04, 5.48341e-05
_463_, 65.32, 87.04, 5.48341e-05
FILLER_0_28_122, 65.32, 87.04, 5.48341e-05
FILLER_0_28_130, 65.32, 87.04, 5.48341e-05
FILLER_0_29_134, 65.32, 87.04, 5.48341e-05
FILLER_0_27_155, 80.32, 87.04, 5.24748e-05
FILLER_0_29_169, 80.32, 87.04, 5.24748e-05
FILLER_0_28_189, 95.32, 87.04, 5.6573e-05
FILLER_0_29_201, 95.32, 87.04, 5.6573e-05
FILLER_0_27_221, 110.32, 87.04, 5.74685e-05
PHY_50, 5.52, 81.6, 6.35798e-05
PHY_52, 5.52, 81.6, 6.35798e-05
PHY_51, 127.42, 81.6, 5.05544e-05
PHY_53, 127.42, 81.6, 5.05544e-05
_542_, 20.32, 81.6, 6.7798e-05
fanout16, 20.32, 81.6, 6.7798e-05
FILLER_0_26_29, 20.32, 81.6, 6.7798e-05
_421_, 35.32, 81.6, 5.73324e-05
FILLER_0_25_57, 35.32, 81.6, 5.73324e-05
FILLER_0_27_69, 35.32, 81.6, 5.73324e-05
_297_, 50.32, 81.6, 5.04744e-05
_299_, 50.32, 81.6, 5.04744e-05
_418_, 50.32, 81.6, 5.04744e-05
FILLER_0_26_91, 50.32, 81.6, 5.04744e-05
FILLER_0_26_99, 50.32, 81.6, 5.04744e-05
_498_, 65.32, 81.6, 4.4663e-05
FILLER_0_26_130, 65.32, 81.6, 4.4663e-05
_254_, 80.32, 81.6, 4.3842e-05
_263_, 80.32, 81.6, 4.3842e-05
FILLER_0_25_158, 80.32, 81.6, 4.3842e-05
FILLER_0_26_165, 80.32, 81.6, 4.3842e-05
FILLER_0_27_169, 80.32, 81.6, 4.3842e-05
FILLER_0_26_189, 95.32, 81.6, 5.00256e-05
FILLER_0_26_197, 95.32, 81.6, 5.00256e-05
FILLER_0_25_221, 110.32, 81.6, 5.23662e-05
PHY_46, 5.52, 76.16, 5.91008e-05
PHY_48, 5.52, 76.16, 5.91008e-05
PHY_47, 127.42, 76.16, 5.06309e-05
PHY_49, 127.42, 76.16, 5.06309e-05
_295_, 35.32, 76.16, 5.84278e-05
_302_, 35.32, 76.16, 5.84278e-05
_303_, 35.32, 76.16, 5.84278e-05
_497_, 35.32, 76.16, 5.84278e-05
FILLER_0_24_64, 35.32, 76.16, 5.84278e-05
FILLER_0_24_104, 50.32, 76.16, 5.4915e-05
_300_, 65.32, 76.16, 5.42747e-05
_301_, 65.32, 76.16, 5.42747e-05
_451_, 65.32, 76.16, 5.42747e-05
_258_, 80.32, 76.16, 5.91608e-05
_261_, 80.32, 76.16, 5.91608e-05
FILLER_0_24_162, 80.32, 76.16, 5.91608e-05
_489_, 95.32, 76.16, 6.17756e-05
_533_, 95.32, 76.16, 6.17756e-05
FILLER_0_24_189, 95.32, 76.16, 6.17756e-05
FILLER_0_25_202, 95.32, 76.16, 6.17756e-05
PHY_42, 5.52, 70.72, 5.93627e-05
PHY_44, 5.52, 70.72, 5.93627e-05
PHY_43, 127.42, 70.72, 5.02896e-05
PHY_45, 127.42, 70.72, 5.02896e-05
FILLER_0_21_255, 127.42, 70.72, 5.02896e-05
FILLER_0_22_65, 35.32, 70.72, 6.20174e-05
_369_, 50.32, 70.72, 6.56927e-05
_483_, 50.32, 70.72, 6.56927e-05
_484_, 50.32, 70.72, 6.56927e-05
_530_, 50.32, 70.72, 6.56927e-05
FILLER_0_21_91, 50.32, 70.72, 6.56927e-05
fanout15, 65.32, 70.72, 5.67039e-05
FILLER_0_21_122, 65.32, 70.72, 5.67039e-05
FILLER_0_22_135, 65.32, 70.72, 5.67039e-05
FILLER_0_23_137, 65.32, 70.72, 5.67039e-05
_260_, 80.32, 70.72, 5.30865e-05
_365_, 80.32, 70.72, 5.30865e-05
FILLER_0_21_158, 80.32, 70.72, 5.30865e-05
FILLER_0_22_161, 80.32, 70.72, 5.30865e-05
FILLER_0_23_165, 80.32, 70.72, 5.30865e-05
FILLER_0_22_191, 95.32, 70.72, 5.3099e-05
PHY_38, 5.52, 65.28, 6.24012e-05
PHY_40, 5.52, 65.28, 6.24012e-05
PHY_39, 127.42, 65.28, 5.37318e-05
PHY_41, 127.42, 65.28, 5.37318e-05
input9, 127.42, 65.28, 5.37318e-05
FILLER_0_19_27, 20.32, 65.28, 6.43682e-05
_448_, 35.32, 65.28, 7.31949e-05
_531_, 35.32, 65.28, 7.31949e-05
_372_, 50.32, 65.28, 6.92666e-05
_378_, 50.32, 65.28, 6.92666e-05
FILLER_0_20_97, 50.32, 65.28, 6.92666e-05
_380_, 65.32, 65.28, 6.92992e-05
_482_, 65.32, 65.28, 6.92992e-05
_529_, 65.32, 65.28, 6.92992e-05
FILLER_0_19_125, 65.32, 65.28, 6.92992e-05
FILLER_0_20_126, 65.32, 65.28, 6.92992e-05
_268_, 80.32, 65.28, 6.08101e-05
_273_, 80.32, 65.28, 6.08101e-05
_274_, 80.32, 65.28, 6.08101e-05
_374_, 80.32, 65.28, 6.08101e-05
FILLER_0_20_157, 80.32, 65.28, 6.08101e-05
_355_, 95.32, 65.28, 5.84231e-05
_358_, 95.32, 65.28, 5.84231e-05
_532_, 95.32, 65.28, 5.84231e-05
FILLER_0_20_197, 95.32, 65.28, 5.84231e-05
PHY_34, 5.52, 59.84, 6.66137e-05
PHY_36, 5.52, 59.84, 6.66137e-05
PHY_35, 127.42, 59.84, 5.38808e-05
PHY_37, 127.42, 59.84, 5.38808e-05
_513_, 20.32, 59.84, 7.09651e-05
_280_, 35.32, 59.84, 6.80411e-05
_367_, 50.32, 59.84, 6.81754e-05
FILLER_0_19_102, 50.32, 59.84, 6.81754e-05
_375_, 65.32, 59.84, 6.84461e-05
_379_, 65.32, 59.84, 6.84461e-05
_262_, 80.32, 59.84, 6.96278e-05
_366_, 80.32, 59.84, 6.96278e-05
FILLER_0_17_157, 80.32, 59.84, 6.96278e-05
FILLER_0_18_157, 80.32, 59.84, 6.96278e-05
_357_, 95.32, 59.84, 5.91364e-05
FILLER_0_18_191, 95.32, 59.84, 5.91364e-05
FILLER_0_17_221, 110.32, 59.84, 5.49033e-05
PHY_30, 5.52, 54.4, 6.19758e-05
PHY_32, 5.52, 54.4, 6.19758e-05
PHY_31, 127.42, 54.4, 5.43933e-05
PHY_33, 127.42, 54.4, 5.43933e-05
FILLER_0_15_30, 20.32, 54.4, 6.22324e-05
FILLER_0_17_67, 35.32, 54.4, 6.33808e-05
_382_, 50.32, 54.4, 6.76323e-05
FILLER_0_17_104, 50.32, 54.4, 6.76323e-05
_383_, 65.32, 54.4, 6.85419e-05
FILLER_0_15_130, 65.32, 54.4, 6.85419e-05
_386_, 80.32, 54.4, 6.10932e-05
FILLER_0_15_162, 80.32, 54.4, 6.10932e-05
FILLER_0_17_165, 80.32, 54.4, 6.10932e-05
FILLER_0_17_169, 80.32, 54.4, 6.10932e-05
_265_, 95.32, 54.4, 5.65385e-05
_270_, 95.32, 54.4, 5.65385e-05
FILLER_0_16_189, 95.32, 54.4, 5.65385e-05
PHY_26, 5.52, 48.96, 6.7569e-05
PHY_28, 5.52, 48.96, 6.7569e-05
input6, 5.52, 48.96, 6.7569e-05
PHY_27, 127.42, 48.96, 5.58555e-05
PHY_29, 127.42, 48.96, 5.58555e-05
_514_, 20.32, 48.96, 7.02955e-05
FILLER_0_14_29, 20.32, 48.96, 7.02955e-05
FILLER_0_15_38, 20.32, 48.96, 7.02955e-05
_282_, 35.32, 48.96, 6.75935e-05
_283_, 35.32, 48.96, 6.75935e-05
_550_, 35.32, 48.96, 6.75935e-05
FILLER_0_13_57, 35.32, 48.96, 6.75935e-05
_416_, 50.32, 48.96, 6.66496e-05
FILLER_0_15_102, 50.32, 48.96, 6.66496e-05
_480_, 65.32, 48.96, 6.53195e-05
FILLER_0_14_133, 65.32, 48.96, 6.53195e-05
FILLER_0_13_161, 80.32, 48.96, 6.20041e-05
_266_, 95.32, 48.96, 5.87775e-05
FILLER_0_13_193, 95.32, 48.96, 5.87775e-05
FILLER_0_14_192, 95.32, 48.96, 5.87775e-05
FILLER_0_13_221, 110.32, 48.96, 5.64551e-05
PHY_22, 5.52, 43.52, 6.38086e-05
PHY_24, 5.52, 43.52, 6.38086e-05
PHY_23, 127.42, 43.52, 5.71663e-05
PHY_25, 127.42, 43.52, 5.71663e-05
_285_, 35.32, 43.52, 6.66554e-05
fanout12, 35.32, 43.52, 6.66554e-05
FILLER_0_13_70, 35.32, 43.52, 6.66554e-05
_415_, 50.32, 43.52, 6.89071e-05
FILLER_0_13_103, 50.32, 43.52, 6.89071e-05
_387_, 65.32, 43.52, 7.32682e-05
_397_, 65.32, 43.52, 7.32682e-05
_398_, 65.32, 43.52, 7.32682e-05
_553_, 80.32, 43.52, 6.72561e-05
FILLER_0_11_160, 80.32, 43.52, 6.72561e-05
FILLER_0_12_156, 80.32, 43.52, 6.72561e-05
FILLER_0_12_164, 80.32, 43.52, 6.72561e-05
FILLER_0_13_169, 80.32, 43.52, 6.72561e-05
_267_, 95.32, 43.52, 6.14017e-05
_554_, 95.32, 43.52, 6.14017e-05
FILLER_0_12_190, 95.32, 43.52, 6.14017e-05
PHY_18, 5.52, 38.08, 6.91042e-05
PHY_20, 5.52, 38.08, 6.91042e-05
PHY_19, 127.42, 38.08, 5.79899e-05
PHY_21, 127.42, 38.08, 5.79899e-05
_515_, 20.32, 38.08, 7.31546e-05
FILLER_0_10_29, 20.32, 38.08, 7.31546e-05
FILLER_0_11_39, 20.32, 38.08, 7.31546e-05
_284_, 35.32, 38.08, 7.28695e-05
_403_, 50.32, 38.08, 8.27988e-05
_404_, 50.32, 38.08, 8.27988e-05
_405_, 50.32, 38.08, 8.27988e-05
_524_, 50.32, 38.08, 8.27988e-05
FILLER_0_10_97, 50.32, 38.08, 8.27988e-05
FILLER_0_11_100, 50.32, 38.08, 8.27988e-05
_399_, 65.32, 38.08, 7.91906e-05
_400_, 65.32, 38.08, 7.91906e-05
FILLER_0_10_125, 65.32, 38.08, 7.91906e-05
FILLER_0_11_135, 65.32, 38.08, 7.91906e-05
_392_, 80.32, 38.08, 6.9398e-05
FILLER_0_9_160, 80.32, 38.08, 6.9398e-05
_388_, 95.32, 38.08, 6.18189e-05
FILLER_0_9_193, 95.32, 38.08, 6.18189e-05
FILLER_0_10_193, 95.32, 38.08, 6.18189e-05
FILLER_0_10_197, 95.32, 38.08, 6.18189e-05
FILLER_0_9_221, 110.32, 38.08, 5.88113e-05
PHY_14, 5.52, 32.64, 6.47333e-05
PHY_16, 5.52, 32.64, 6.47333e-05
PHY_15, 127.42, 32.64, 5.86405e-05
PHY_17, 127.42, 32.64, 5.86405e-05
_293_, 35.32, 32.64, 6.56742e-05
_442_, 35.32, 32.64, 6.56742e-05
FILLER_0_8_65, 35.32, 32.64, 6.56742e-05
_477_, 50.32, 32.64, 6.55794e-05
_478_, 65.32, 32.64, 6.79493e-05
_525_, 65.32, 32.64, 6.79493e-05
FILLER_0_7_125, 65.32, 32.64, 6.79493e-05
FILLER_0_8_122, 65.32, 32.64, 6.79493e-05
FILLER_0_8_130, 65.32, 32.64, 6.79493e-05
FILLER_0_9_131, 65.32, 32.64, 6.79493e-05
FILLER_0_7_160, 80.32, 32.64, 6.31177e-05
_485_, 95.32, 32.64, 6.22074e-05
FILLER_0_8_189, 95.32, 32.64, 6.22074e-05
PHY_10, 5.52, 27.2, 6.70481e-05
PHY_12, 5.52, 27.2, 6.70481e-05
PHY_11, 127.42, 27.2, 5.85223e-05
PHY_13, 127.42, 27.2, 5.85223e-05
FILLER_0_7_39, 20.32, 27.2, 6.91158e-05
_468_, 35.32, 27.2, 7.0149e-05
_545_, 35.32, 27.2, 7.0149e-05
FILLER_0_6_63, 35.32, 27.2, 7.0149e-05
_290_, 50.32, 27.2, 6.67529e-05
_291_, 50.32, 27.2, 6.67529e-05
_501_, 65.32, 27.2, 6.40649e-05
FILLER_0_6_124, 65.32, 27.2, 6.40649e-05
FILLER_0_6_130, 65.32, 27.2, 6.40649e-05
_502_, 80.32, 27.2, 6.18824e-05
FILLER_0_6_189, 95.32, 27.2, 5.98892e-05
PHY_6, 5.52, 21.76, 6.45159e-05
PHY_8, 5.52, 21.76, 6.45159e-05
PHY_7, 127.42, 21.76, 5.88685e-05
PHY_9, 127.42, 21.76, 5.88685e-05
FILLER_0_5_39, 20.32, 21.76, 6.45923e-05
FILLER_0_4_65, 35.32, 21.76, 6.46351e-05
FILLER_0_5_105, 50.32, 21.76, 6.46742e-05
_287_, 65.32, 21.76, 6.38583e-05
FILLER_0_4_129, 65.32, 21.76, 6.38583e-05
FILLER_0_4_137, 65.32, 21.76, 6.38583e-05
FILLER_0_3_161, 80.32, 21.76, 6.16768e-05
FILLER_0_5_163, 80.32, 21.76, 6.16768e-05
PHY_2, 5.52, 16.32, 6.61174e-05
PHY_4, 5.52, 16.32, 6.61174e-05
PHY_3, 127.42, 16.32, 6.03538e-05
PHY_5, 127.42, 16.32, 6.03538e-05
input2, 127.42, 16.32, 6.03538e-05
_441_, 35.32, 16.32, 7.23249e-05
_517_, 35.32, 16.32, 7.23249e-05
FILLER_0_2_65, 35.32, 16.32, 7.23249e-05
_438_, 50.32, 16.32, 7.1885e-05
_439_, 50.32, 16.32, 7.1885e-05
_518_, 50.32, 16.32, 7.1885e-05
FILLER_0_2_101, 50.32, 16.32, 7.1885e-05
_437_, 65.32, 16.32, 6.55416e-05
_471_, 65.32, 16.32, 6.55416e-05
FILLER_0_2_135, 65.32, 16.32, 6.55416e-05
FILLER_0_2_189, 95.32, 16.32, 6.05034e-05
PHY_0, 5.52, 10.88, 6.60174e-05
input3, 5.52, 10.88, 6.60174e-05
PHY_1, 127.42, 10.88, 5.92611e-05
input8, 50.32, 10.88, 6.70763e-05
FILLER_0_0_137, 65.32, 10.88, 6.56507e-05
FILLER_0_0_165, 80.32, 10.88, 6.24003e-05
FILLER_0_1_165, 80.32, 10.88, 6.24003e-05
input5, 95.32, 10.88, 6.08415e-05
FILLER_0_0_193, 95.32, 10.88, 6.08415e-05

