
===========================================================================
report_checks -path_delay max (Setup)
============================================================================
======================= Typical Corner ===================================

Startpoint: select (clock source 'select')
Endpoint: out (output port clocked by select)
Path Group: select
Path Type: max

Fanout     Cap    Slew   Delay    Time   Description
-----------------------------------------------------------------------------
                          5.00    5.00   clock select (fall edge)
                          0.00    5.00   clock source latency
                  0.01    0.01    5.01 v select (in)
     1    0.00                           select (net)
                  0.01    0.00    5.01 v _458_/S (sky130_fd_sc_hd__mux2_2)
                  0.04    0.21    5.22 ^ _458_/X (sky130_fd_sc_hd__mux2_2)
     1    0.00                           _250_ (net)
                  0.04    0.00    5.22 ^ _459_/A (sky130_fd_sc_hd__buf_1)
                  0.08    0.11    5.33 ^ _459_/X (sky130_fd_sc_hd__buf_1)
     1    0.01                           net10 (net)
                  0.08    0.00    5.33 ^ output10/A (sky130_fd_sc_hd__buf_1)
                  0.41    0.36    5.69 ^ output10/X (sky130_fd_sc_hd__buf_1)
     1    0.03                           out (net)
                  0.41    0.00    5.69 ^ out (out)
                                  5.69   data arrival time

                         10.00   10.00   clock select (rise edge)
                          0.00   10.00   clock network delay (propagated)
                         -0.25    9.75   clock uncertainty
                          0.00    9.75   clock reconvergence pessimism
                         -2.00    7.75   output external delay
                                  7.75   data required time
-----------------------------------------------------------------------------
                                  7.75   data required time
                                 -5.69   data arrival time
-----------------------------------------------------------------------------
                                  2.06   slack (MET)



